Determining if the pthread_create exist failed with the following output:
Change Dir: /home/pi/luko/luko_ws/build/CMakeFiles/CMakeTmp

Run Build Command:"/usr/bin/make" "cmTC_46dee/fast"
/usr/bin/make -f CMakeFiles/cmTC_46dee.dir/build.make CMakeFiles/cmTC_46dee.dir/build
make[1]: Entering directory '/home/pi/luko/luko_ws/build/CMakeFiles/CMakeTmp'
Building C object CMakeFiles/cmTC_46dee.dir/CheckSymbolExists.c.o
/usr/bin/cc     -o CMakeFiles/cmTC_46dee.dir/CheckSymbolExists.c.o   -c /home/pi/luko/luko_ws/build/CMakeFiles/CMakeTmp/CheckSymbolExists.c
Linking C executable cmTC_46dee
/usr/bin/cmake -E cmake_link_script CMakeFiles/cmTC_46dee.dir/link.txt --verbose=1
/usr/bin/cc       CMakeFiles/cmTC_46dee.dir/CheckSymbolExists.c.o  -o cmTC_46dee -rdynamic 
CMakeFiles/cmTC_46dee.dir/CheckSymbolExists.c.o: In function `main':
CheckSymbolExists.c:(.text+0x38): undefined reference to `pthread_create'
collect2: error: ld returned 1 exit status
CMakeFiles/cmTC_46dee.dir/build.make:97: recipe for target 'cmTC_46dee' failed
make[1]: *** [cmTC_46dee] Error 1
make[1]: Leaving directory '/home/pi/luko/luko_ws/build/CMakeFiles/CMakeTmp'
Makefile:126: recipe for target 'cmTC_46dee/fast' failed
make: *** [cmTC_46dee/fast] Error 2

File /home/pi/luko/luko_ws/build/CMakeFiles/CMakeTmp/CheckSymbolExists.c:
/* */
#include <pthread.h>

int main(int argc, char** argv)
{
  (void)argv;
#ifndef pthread_create
  return ((int*)(&pthread_create))[argc];
#else
  (void)argc;
  return 0;
#endif
}

Determining if the function pthread_create exists in the pthreads failed with the following output:
Change Dir: /home/pi/luko/luko_ws/build/CMakeFiles/CMakeTmp

Run Build Command:"/usr/bin/make" "cmTC_f339c/fast"
/usr/bin/make -f CMakeFiles/cmTC_f339c.dir/build.make CMakeFiles/cmTC_f339c.dir/build
make[1]: Entering directory '/home/pi/luko/luko_ws/build/CMakeFiles/CMakeTmp'
Building C object CMakeFiles/cmTC_f339c.dir/CheckFunctionExists.c.o
/usr/bin/cc    -DCHECK_FUNCTION_EXISTS=pthread_create   -o CMakeFiles/cmTC_f339c.dir/CheckFunctionExists.c.o   -c /usr/share/cmake-3.7/Modules/CheckFunctionExists.c
Linking C executable cmTC_f339c
/usr/bin/cmake -E cmake_link_script CMakeFiles/cmTC_f339c.dir/link.txt --verbose=1
/usr/bin/cc   -DCHECK_FUNCTION_EXISTS=pthread_create    CMakeFiles/cmTC_f339c.dir/CheckFunctionExists.c.o  -o cmTC_f339c -rdynamic -lpthreads 
/usr/bin/ld: cannot find -lpthreads
collect2: error: ld returned 1 exit status
CMakeFiles/cmTC_f339c.dir/build.make:97: recipe for target 'cmTC_f339c' failed
make[1]: *** [cmTC_f339c] Error 1
make[1]: Leaving directory '/home/pi/luko/luko_ws/build/CMakeFiles/CMakeTmp'
Makefile:126: recipe for target 'cmTC_f339c/fast' failed
make: *** [cmTC_f339c/fast] Error 2


